D:\VC++_TRIALS\WATCHDOG\DEBUG\WATCHDOG.EXE
D:\VC++_TRIALS\WATCHDOG\DEBUG\WATCHDOG.ILK
D:\VC++_TRIALS\WATCHDOG\DEBUG\WATCHDOG.PDB
D:\VC++_Trials\watchDog\watchDog\Debug\cl.command.1.tlog
D:\VC++_Trials\watchDog\watchDog\Debug\CL.read.1.tlog
D:\VC++_Trials\watchDog\watchDog\Debug\CL.write.1.tlog
D:\VC++_Trials\watchDog\watchDog\Debug\link.11688.read.1.tlog
D:\VC++_Trials\watchDog\watchDog\Debug\link.11688.write.1.tlog
D:\VC++_Trials\watchDog\watchDog\Debug\link.11688-cvtres.read.1.tlog
D:\VC++_Trials\watchDog\watchDog\Debug\link.11688-cvtres.write.1.tlog
D:\VC++_Trials\watchDog\watchDog\Debug\link.8712.read.1.tlog
D:\VC++_Trials\watchDog\watchDog\Debug\link.8712.write.1.tlog
D:\VC++_Trials\watchDog\watchDog\Debug\link.8712-cvtres.read.1.tlog
D:\VC++_Trials\watchDog\watchDog\Debug\link.8712-cvtres.write.1.tlog
D:\VC++_Trials\watchDog\watchDog\Debug\link.9080.read.1.tlog
D:\VC++_Trials\watchDog\watchDog\Debug\link.9080.write.1.tlog
D:\VC++_Trials\watchDog\watchDog\Debug\link.9080-cvtres.read.1.tlog
D:\VC++_Trials\watchDog\watchDog\Debug\link.9080-cvtres.write.1.tlog
D:\VC++_Trials\watchDog\watchDog\Debug\link.command.1.tlog
D:\VC++_Trials\watchDog\watchDog\Debug\link.read.1.tlog
D:\VC++_Trials\watchDog\watchDog\Debug\link.write.1.tlog
D:\VC++_Trials\watchDog\watchDog\Debug\link-cvtres.read.1.tlog
D:\VC++_Trials\watchDog\watchDog\Debug\link-cvtres.write.1.tlog
D:\VC++_Trials\watchDog\watchDog\Debug\mt.command.1.tlog
D:\VC++_Trials\watchDog\watchDog\Debug\mt.read.1.tlog
D:\VC++_Trials\watchDog\watchDog\Debug\mt.write.1.tlog
D:\VC++_Trials\watchDog\watchDog\Debug\rc.command.1.tlog
D:\VC++_Trials\watchDog\watchDog\Debug\rc.read.1.tlog
D:\VC++_Trials\watchDog\watchDog\Debug\rc.write.1.tlog
D:\VC++_Trials\watchDog\watchDog\Debug\vc100.idb
D:\VC++_TRIALS\WATCHDOG\WATCHDOG\DEBUG\VC100.PDB
D:\VC++_TRIALS\WATCHDOG\WATCHDOG\DEBUG\WATCHDOG.EXE.EMBED.MANIFEST
D:\VC++_TRIALS\WATCHDOG\WATCHDOG\DEBUG\WATCHDOG.EXE.EMBED.MANIFEST.RES
D:\VC++_TRIALS\WATCHDOG\WATCHDOG\DEBUG\WATCHDOG.EXE.INTERMEDIATE.MANIFEST
D:\VC++_TRIALS\WATCHDOG\WATCHDOG\DEBUG\WATCHDOG.OBJ
D:\VC++_Trials\watchDog\watchDog\Debug\watchDog.vcxprojResolveAssemblyReference.cache
D:\VC++_Trials\watchDog\watchDog\Debug\watchDog.write.1.tlog
D:\VC++_Trials\watchDog\watchDog\Debug\watchDog_manifest.rc
